D:\DROPBOX\CODES\C\PSNR\DEBUG\PSNR.OBJ
D:\DROPBOX\CODES\C\PSNR\DEBUG\VC110.PDB
D:\DROPBOX\CODES\C\PSNR\DEBUG\PSNR.ILK
D:\DROPBOX\CODES\C\PSNR\DEBUG\PSNR.EXE
D:\DROPBOX\CODES\C\PSNR\DEBUG\PSNR.PDB
D:\Dropbox\codes\c\PSNR\Debug\PSNR.obj
D:\Dropbox\codes\c\PSNR\Debug\PSNR.ilk
D:\Dropbox\codes\c\PSNR\Debug\cl.command.1.tlog
D:\Dropbox\codes\c\PSNR\Debug\CL.read.1.tlog
D:\Dropbox\codes\c\PSNR\Debug\CL.write.1.tlog
D:\Dropbox\codes\c\PSNR\Debug\link-cvtres.read.1.tlog
D:\Dropbox\codes\c\PSNR\Debug\link-cvtres.write.1.tlog
D:\Dropbox\codes\c\PSNR\Debug\link-rc.read.1.tlog
D:\Dropbox\codes\c\PSNR\Debug\link-rc.write.1.tlog
D:\Dropbox\codes\c\PSNR\Debug\link.command.1.tlog
D:\Dropbox\codes\c\PSNR\Debug\link.read.1.tlog
D:\Dropbox\codes\c\PSNR\Debug\link.write.1.tlog
D:\Dropbox\codes\c\PSNR\Debug\vc110.idb
D:\Dropbox\codes\c\PSNR\Debug\PSNR.pdb
D:\Dropbox\codes\c\PSNR\Debug\vc110.pdb
D:\Dropbox\codes\c\PSNR\.\Debug\PSNR.exe
